<?xml version="1.0" encoding="UTF-8"?>
<testsuite xmlns:xsi="http://www.w3.org/2001/XMLSchema-instance" xsi:noNamespaceSchemaLocation="https://maven.apache.org/surefire/maven-surefire-plugin/xsd/surefire-test-report-3.0.xsd" version="3.0" name="edu.ucsd.maprouter.MapRouterTest" time="0.082" tests="2" errors="0" skipped="0" failures="0">
  <properties>
[...]
</properties>
  <testcase name="testDifferentTravelTime" classname="edu.ucsd.maprouter.MapRouterTest" time="0.044">
    <system-out><![CDATA[Route found: 12.5 minutes.
Route found: 20.0 minutes.
]]></system-out>
  </testcase>
  <testcase name="testCalculateTravelTime" classname="edu.ucsd.maprouter.MapRouterTest" time="0.001">
    <system-out><![CDATA[Route found: 12.5 minutes.
]]></system-out>
  </testcase>
</testsuite>